<?xml version="1.0" encoding="UTF-8"?>
<testsuites name="DrawIO Golem DB Plugin Tests" tests="12" failures="0" errors="0" time="1.021">
  <testsuite name="Smoke Tests - Critical Functionality" errors="0" failures="0" skipped="0" timestamp="2025-10-28T14:39:37" time="0.982" tests="12">
    <testcase classname="Smoke Tests - Critical Functionality Share Tokens - Arkiv Storage should access shared diagram by token" name="Smoke Tests - Critical Functionality Share Tokens - Arkiv Storage should access shared diagram by token" time="0.131">
    </testcase>
    <testcase classname="Smoke Tests - Critical Functionality Share Tokens - Arkiv Storage should handle SVG export for shared diagrams" name="Smoke Tests - Critical Functionality Share Tokens - Arkiv Storage should handle SVG export for shared diagrams" time="0.049">
    </testcase>
    <testcase classname="Smoke Tests - Critical Functionality Share Tokens - Arkiv Storage should handle PNG export for shared diagrams" name="Smoke Tests - Critical Functionality Share Tokens - Arkiv Storage should handle PNG export for shared diagrams" time="0.049">
    </testcase>
    <testcase classname="Smoke Tests - Critical Functionality Share Tokens - Arkiv Storage should return HTML viewer for shared diagrams" name="Smoke Tests - Critical Functionality Share Tokens - Arkiv Storage should return HTML viewer for shared diagrams" time="0.051">
    </testcase>
    <testcase classname="Smoke Tests - Critical Functionality DrawIO Exporter Service should verify exporter service availability" name="Smoke Tests - Critical Functionality DrawIO Exporter Service should verify exporter service availability" time="0.044">
    </testcase>
    <testcase classname="Smoke Tests - Critical Functionality DrawIO Exporter Service should handle export with fallback gracefully" name="Smoke Tests - Critical Functionality DrawIO Exporter Service should handle export with fallback gracefully" time="0.054">
    </testcase>
    <testcase classname="Smoke Tests - Critical Functionality Branding Consistency should use drawiodb.online branding on homepage" name="Smoke Tests - Critical Functionality Branding Consistency should use drawiodb.online branding on homepage" time="0.05">
    </testcase>
    <testcase classname="Smoke Tests - Critical Functionality Branding Consistency should use drawiodb.online in share page footer" name="Smoke Tests - Critical Functionality Branding Consistency should use drawiodb.online in share page footer" time="0.046">
    </testcase>
    <testcase classname="Smoke Tests - Critical Functionality API Health &amp; Performance should respond to health check within acceptable time" name="Smoke Tests - Critical Functionality API Health &amp; Performance should respond to health check within acceptable time" time="0.046">
    </testcase>
    <testcase classname="Smoke Tests - Critical Functionality API Health &amp; Performance should handle concurrent requests" name="Smoke Tests - Critical Functionality API Health &amp; Performance should handle concurrent requests" time="0.169">
    </testcase>
    <testcase classname="Smoke Tests - Critical Functionality Error Handling should return proper error for invalid share token format" name="Smoke Tests - Critical Functionality Error Handling should return proper error for invalid share token format" time="0.074">
    </testcase>
    <testcase classname="Smoke Tests - Critical Functionality Error Handling should handle malformed export format requests" name="Smoke Tests - Critical Functionality Error Handling should handle malformed export format requests" time="0.046">
    </testcase>
  </testsuite>
</testsuites>